mode: set
github.com/shahinm95/bookings/internal/handlers/handlers.go:33.62,38.2 1 1
github.com/shahinm95/bookings/internal/handlers/handlers.go:41.51,46.2 1 1
github.com/shahinm95/bookings/internal/handlers/handlers.go:49.33,51.2 1 1
github.com/shahinm95/bookings/internal/handlers/handlers.go:54.67,56.2 1 1
github.com/shahinm95/bookings/internal/handlers/handlers.go:59.68,62.2 1 1
github.com/shahinm95/bookings/internal/handlers/handlers.go:65.74,67.9 2 1
github.com/shahinm95/bookings/internal/handlers/handlers.go:67.9,71.3 3 1
github.com/shahinm95/bookings/internal/handlers/handlers.go:73.2,74.16 2 1
github.com/shahinm95/bookings/internal/handlers/handlers.go:74.16,78.3 3 1
github.com/shahinm95/bookings/internal/handlers/handlers.go:80.2,98.4 10 1
github.com/shahinm95/bookings/internal/handlers/handlers.go:102.78,104.16 2 1
github.com/shahinm95/bookings/internal/handlers/handlers.go:104.16,108.3 3 1
github.com/shahinm95/bookings/internal/handlers/handlers.go:110.2,118.16 5 1
github.com/shahinm95/bookings/internal/handlers/handlers.go:118.16,122.3 3 1
github.com/shahinm95/bookings/internal/handlers/handlers.go:124.2,125.16 2 1
github.com/shahinm95/bookings/internal/handlers/handlers.go:125.16,129.3 3 1
github.com/shahinm95/bookings/internal/handlers/handlers.go:131.2,132.16 2 1
github.com/shahinm95/bookings/internal/handlers/handlers.go:132.16,136.3 3 1
github.com/shahinm95/bookings/internal/handlers/handlers.go:138.2,154.19 6 1
github.com/shahinm95/bookings/internal/handlers/handlers.go:154.19,162.3 4 1
github.com/shahinm95/bookings/internal/handlers/handlers.go:164.2,165.16 2 1
github.com/shahinm95/bookings/internal/handlers/handlers.go:165.16,169.3 3 1
github.com/shahinm95/bookings/internal/handlers/handlers.go:171.2,180.16 3 1
github.com/shahinm95/bookings/internal/handlers/handlers.go:180.16,184.3 3 1
github.com/shahinm95/bookings/internal/handlers/handlers.go:187.2,221.66 8 1
github.com/shahinm95/bookings/internal/handlers/handlers.go:226.71,228.2 1 1
github.com/shahinm95/bookings/internal/handlers/handlers.go:231.69,233.2 1 1
github.com/shahinm95/bookings/internal/handlers/handlers.go:236.75,238.2 1 1
github.com/shahinm95/bookings/internal/handlers/handlers.go:241.79,243.16 2 1
github.com/shahinm95/bookings/internal/handlers/handlers.go:243.16,247.3 3 1
github.com/shahinm95/bookings/internal/handlers/handlers.go:249.2,254.16 5 1
github.com/shahinm95/bookings/internal/handlers/handlers.go:254.16,258.3 3 1
github.com/shahinm95/bookings/internal/handlers/handlers.go:259.2,260.16 2 1
github.com/shahinm95/bookings/internal/handlers/handlers.go:260.16,264.3 3 1
github.com/shahinm95/bookings/internal/handlers/handlers.go:266.2,267.16 2 1
github.com/shahinm95/bookings/internal/handlers/handlers.go:267.16,271.3 3 1
github.com/shahinm95/bookings/internal/handlers/handlers.go:273.2,273.21 1 1
github.com/shahinm95/bookings/internal/handlers/handlers.go:273.21,278.3 3 1
github.com/shahinm95/bookings/internal/handlers/handlers.go:280.2,292.4 5 1
github.com/shahinm95/bookings/internal/handlers/handlers.go:304.79,307.16 2 1
github.com/shahinm95/bookings/internal/handlers/handlers.go:307.16,318.3 5 1
github.com/shahinm95/bookings/internal/handlers/handlers.go:320.2,330.16 8 1
github.com/shahinm95/bookings/internal/handlers/handlers.go:330.16,341.3 5 1
github.com/shahinm95/bookings/internal/handlers/handlers.go:342.2,355.14 4 1
github.com/shahinm95/bookings/internal/handlers/handlers.go:360.70,362.2 1 1
github.com/shahinm95/bookings/internal/handlers/handlers.go:365.81,367.9 2 1
github.com/shahinm95/bookings/internal/handlers/handlers.go:367.9,371.3 3 1
github.com/shahinm95/bookings/internal/handlers/handlers.go:373.2,387.4 9 1
github.com/shahinm95/bookings/internal/handlers/handlers.go:391.73,405.16 3 1
github.com/shahinm95/bookings/internal/handlers/handlers.go:405.16,409.3 3 1
github.com/shahinm95/bookings/internal/handlers/handlers.go:411.2,412.9 2 1
github.com/shahinm95/bookings/internal/handlers/handlers.go:412.9,416.3 3 1
github.com/shahinm95/bookings/internal/handlers/handlers.go:418.2,422.63 3 1
github.com/shahinm95/bookings/internal/handlers/handlers.go:427.71,439.16 9 1
github.com/shahinm95/bookings/internal/handlers/handlers.go:439.16,443.3 3 1
github.com/shahinm95/bookings/internal/handlers/handlers.go:445.2,452.63 6 1
github.com/shahinm95/bookings/internal/handlers/handlers.go:456.72,461.2 1 1
github.com/shahinm95/bookings/internal/handlers/handlers.go:464.76,468.16 3 1
github.com/shahinm95/bookings/internal/handlers/handlers.go:468.16,470.3 1 0
github.com/shahinm95/bookings/internal/handlers/handlers.go:472.2,478.19 6 1
github.com/shahinm95/bookings/internal/handlers/handlers.go:478.19,484.3 2 0
github.com/shahinm95/bookings/internal/handlers/handlers.go:486.2,487.16 2 1
github.com/shahinm95/bookings/internal/handlers/handlers.go:487.16,492.3 4 0
github.com/shahinm95/bookings/internal/handlers/handlers.go:493.2,495.47 3 1
github.com/shahinm95/bookings/internal/handlers/handlers.go:500.69,506.2 4 1
github.com/shahinm95/bookings/internal/handlers/handlers.go:508.77,510.2 1 1
github.com/shahinm95/bookings/internal/handlers/handlers.go:513.83,515.16 2 1
github.com/shahinm95/bookings/internal/handlers/handlers.go:515.16,517.3 1 0
github.com/shahinm95/bookings/internal/handlers/handlers.go:518.2,522.4 3 1
github.com/shahinm95/bookings/internal/handlers/handlers.go:526.83,528.16 2 1
github.com/shahinm95/bookings/internal/handlers/handlers.go:528.16,530.3 1 0
github.com/shahinm95/bookings/internal/handlers/handlers.go:531.2,535.4 3 1
github.com/shahinm95/bookings/internal/handlers/handlers.go:539.83,542.16 3 1
github.com/shahinm95/bookings/internal/handlers/handlers.go:542.16,545.3 2 0
github.com/shahinm95/bookings/internal/handlers/handlers.go:546.2,547.16 2 1
github.com/shahinm95/bookings/internal/handlers/handlers.go:547.16,550.3 2 0
github.com/shahinm95/bookings/internal/handlers/handlers.go:551.2,568.4 10 1
github.com/shahinm95/bookings/internal/handlers/handlers.go:572.87,580.16 6 0
github.com/shahinm95/bookings/internal/handlers/handlers.go:580.16,583.3 2 0
github.com/shahinm95/bookings/internal/handlers/handlers.go:584.2,585.16 2 0
github.com/shahinm95/bookings/internal/handlers/handlers.go:585.16,588.3 2 0
github.com/shahinm95/bookings/internal/handlers/handlers.go:590.2,591.16 2 0
github.com/shahinm95/bookings/internal/handlers/handlers.go:591.16,594.3 2 0
github.com/shahinm95/bookings/internal/handlers/handlers.go:596.2,602.16 6 0
github.com/shahinm95/bookings/internal/handlers/handlers.go:602.16,605.3 2 0
github.com/shahinm95/bookings/internal/handlers/handlers.go:607.2,612.16 4 0
github.com/shahinm95/bookings/internal/handlers/handlers.go:612.16,615.3 1 0
github.com/shahinm95/bookings/internal/handlers/handlers.go:615.8,617.3 1 0
github.com/shahinm95/bookings/internal/handlers/handlers.go:621.88,624.34 2 0
github.com/shahinm95/bookings/internal/handlers/handlers.go:624.34,626.17 2 0
github.com/shahinm95/bookings/internal/handlers/handlers.go:626.17,629.4 2 0
github.com/shahinm95/bookings/internal/handlers/handlers.go:630.3,631.17 2 0
github.com/shahinm95/bookings/internal/handlers/handlers.go:631.17,634.4 2 0
github.com/shahinm95/bookings/internal/handlers/handlers.go:635.3,635.68 1 0
github.com/shahinm95/bookings/internal/handlers/handlers.go:637.2,667.16 23 0
github.com/shahinm95/bookings/internal/handlers/handlers.go:667.16,670.3 2 0
github.com/shahinm95/bookings/internal/handlers/handlers.go:671.2,673.26 2 0
github.com/shahinm95/bookings/internal/handlers/handlers.go:673.26,678.72 3 0
github.com/shahinm95/bookings/internal/handlers/handlers.go:678.72,681.4 2 0
github.com/shahinm95/bookings/internal/handlers/handlers.go:683.3,684.17 2 0
github.com/shahinm95/bookings/internal/handlers/handlers.go:684.17,687.4 2 0
github.com/shahinm95/bookings/internal/handlers/handlers.go:688.3,688.34 1 0
github.com/shahinm95/bookings/internal/handlers/handlers.go:688.34,689.27 1 0
github.com/shahinm95/bookings/internal/handlers/handlers.go:689.27,691.71 1 0
github.com/shahinm95/bookings/internal/handlers/handlers.go:691.71,693.6 1 0
github.com/shahinm95/bookings/internal/handlers/handlers.go:694.10,697.5 1 0
github.com/shahinm95/bookings/internal/handlers/handlers.go:699.3,701.78 3 0
github.com/shahinm95/bookings/internal/handlers/handlers.go:704.2,708.4 1 0
github.com/shahinm95/bookings/internal/handlers/handlers.go:712.92,714.16 2 0
github.com/shahinm95/bookings/internal/handlers/handlers.go:714.16,717.3 2 0
github.com/shahinm95/bookings/internal/handlers/handlers.go:718.2,723.16 4 0
github.com/shahinm95/bookings/internal/handlers/handlers.go:723.16,726.3 2 0
github.com/shahinm95/bookings/internal/handlers/handlers.go:727.2,729.26 2 0
github.com/shahinm95/bookings/internal/handlers/handlers.go:729.26,733.35 2 0
github.com/shahinm95/bookings/internal/handlers/handlers.go:733.35,735.35 1 0
github.com/shahinm95/bookings/internal/handlers/handlers.go:735.35,738.16 1 0
github.com/shahinm95/bookings/internal/handlers/handlers.go:738.16,739.69 1 0
github.com/shahinm95/bookings/internal/handlers/handlers.go:739.69,742.21 2 0
github.com/shahinm95/bookings/internal/handlers/handlers.go:742.21,745.8 2 0
github.com/shahinm95/bookings/internal/handlers/handlers.go:753.2,753.34 1 0
github.com/shahinm95/bookings/internal/handlers/handlers.go:753.34,754.43 1 0
github.com/shahinm95/bookings/internal/handlers/handlers.go:754.43,760.18 5 0
github.com/shahinm95/bookings/internal/handlers/handlers.go:760.18,764.5 3 0
github.com/shahinm95/bookings/internal/handlers/handlers.go:768.2,769.110 2 0
github.com/shahinm95/bookings/internal/handlers/handlers.go:774.86,776.16 2 0
github.com/shahinm95/bookings/internal/handlers/handlers.go:776.16,779.3 2 0
github.com/shahinm95/bookings/internal/handlers/handlers.go:780.2,783.16 3 0
github.com/shahinm95/bookings/internal/handlers/handlers.go:783.16,786.3 2 0
github.com/shahinm95/bookings/internal/handlers/handlers.go:788.2,793.16 4 0
github.com/shahinm95/bookings/internal/handlers/handlers.go:793.16,795.3 1 0
github.com/shahinm95/bookings/internal/handlers/handlers.go:795.8,797.3 1 0
github.com/shahinm95/bookings/internal/handlers/handlers.go:802.85,804.16 2 0
github.com/shahinm95/bookings/internal/handlers/handlers.go:804.16,807.3 2 0
github.com/shahinm95/bookings/internal/handlers/handlers.go:808.2,811.16 3 0
github.com/shahinm95/bookings/internal/handlers/handlers.go:811.16,814.3 2 0
github.com/shahinm95/bookings/internal/handlers/handlers.go:815.2,820.16 4 0
github.com/shahinm95/bookings/internal/handlers/handlers.go:820.16,822.3 1 0
github.com/shahinm95/bookings/internal/handlers/handlers.go:822.8,824.3 1 0
